        -:    0:Source:dominion.c
        -:    0:Graph:dominion.gcno
        -:    0:Data:dominion.gcda
        -:    0:Runs:1
        -:    0:Programs:1
        -:    1:#include "dominion.h"
        -:    2:#include "dominion_helpers.h"
        -:    3:#include "rngs.h"
        -:    4:#include <stdio.h>
        -:    5:#include <math.h>
        -:    6:#include <stdlib.h>
        -:    7:
       30:    8:int compare(const void *a, const void *b)
        -:    9:{
       30:   10:  if (*(int *)a > *(int *)b)
    #####:   11:    return 1;
       30:   12:  if (*(int *)a < *(int *)b)
        8:   13:    return -1;
       22:   14:  return 0;
        -:   15:}
        -:   16:
        1:   17:struct gameState *newGame()
        -:   18:{
        1:   19:  struct gameState *g = malloc(sizeof(struct gameState));
        1:   20:  return g;
        -:   21:}
        -:   22:
        1:   23:int *kingdomCards(int k1, int k2, int k3, int k4, int k5, int k6, int k7,
        -:   24:                  int k8, int k9, int k10)
        -:   25:{
        1:   26:  int *k = malloc(10 * sizeof(int));
        1:   27:  k[0] = k1;
        1:   28:  k[1] = k2;
        1:   29:  k[2] = k3;
        1:   30:  k[3] = k4;
        1:   31:  k[4] = k5;
        1:   32:  k[5] = k6;
        1:   33:  k[6] = k7;
        1:   34:  k[7] = k8;
        1:   35:  k[8] = k9;
        1:   36:  k[9] = k10;
        1:   37:  return k;
        -:   38:}
        -:   39:
        1:   40:int initializeGame(int numPlayers, int kingdomCards[10], int randomSeed,
        -:   41:                   struct gameState *state)
        -:   42:{
        -:   43:
        -:   44:  int i;
        -:   45:  int j;
        -:   46:  int it;
        -:   47:  //set up random number generator
        1:   48:  SelectStream(1);
        1:   49:  PutSeed((long)randomSeed);
        -:   50:
        -:   51:  //check number of players
        1:   52:  if (numPlayers > MAX_PLAYERS || numPlayers < 2)
        -:   53:  {
    #####:   54:    return -1;
        -:   55:  }
        -:   56:
        -:   57:  //set number of players
        1:   58:  state->numPlayers = numPlayers;
        -:   59:
        -:   60:  //check selected kingdom cards are different
       11:   61:  for (i = 0; i < 10; i++)
        -:   62:  {
      110:   63:    for (j = 0; j < 10; j++)
        -:   64:    {
      100:   65:      if (j != i && kingdomCards[j] == kingdomCards[i])
        -:   66:      {
    #####:   67:        return -1;
        -:   68:      }
        -:   69:    }
        -:   70:  }
        -:   71:
        -:   72:  //initialize supply
        -:   73:  ///////////////////////////////
        -:   74:
        -:   75:  //set number of Curse cards
        1:   76:  if (numPlayers == 2)
        -:   77:  {
        1:   78:    state->supplyCount[curse] = 10;
        -:   79:  }
    #####:   80:  else if (numPlayers == 3)
        -:   81:  {
    #####:   82:    state->supplyCount[curse] = 20;
        -:   83:  }
        -:   84:  else
        -:   85:  {
    #####:   86:    state->supplyCount[curse] = 30;
        -:   87:  }
        -:   88:
        -:   89:  //set number of Victory cards
        1:   90:  if (numPlayers == 2)
        -:   91:  {
        1:   92:    state->supplyCount[estate] = 8;
        1:   93:    state->supplyCount[duchy] = 8;
        1:   94:    state->supplyCount[province] = 8;
        -:   95:  }
        -:   96:  else
        -:   97:  {
    #####:   98:    state->supplyCount[estate] = 12;
    #####:   99:    state->supplyCount[duchy] = 12;
    #####:  100:    state->supplyCount[province] = 12;
        -:  101:  }
        -:  102:
        -:  103:  //set number of Treasure cards
        1:  104:  state->supplyCount[copper] = 60 - (7 * numPlayers);
        1:  105:  state->supplyCount[silver] = 40;
        1:  106:  state->supplyCount[gold] = 30;
        -:  107:
        -:  108:  //set number of Kingdom cards
       21:  109:  for (i = adventurer; i <= treasure_map; i++) //loop all cards
        -:  110:  {
      214:  111:    for (j = 0; j < 10; j++) //loop chosen cards
        -:  112:    {
      197:  113:      if (kingdomCards[j] == i)
        -:  114:      {
        -:  115:        //check if card is a 'Victory' Kingdom card
        3:  116:        if (kingdomCards[j] == great_hall || kingdomCards[j] == gardens)
        -:  117:        {
    #####:  118:          if (numPlayers == 2)
        -:  119:          {
    #####:  120:            state->supplyCount[i] = 8;
        -:  121:          }
        -:  122:          else
        -:  123:          {
    #####:  124:            state->supplyCount[i] = 12;
        -:  125:          }
        -:  126:        }
        -:  127:        else
        -:  128:        {
        3:  129:          state->supplyCount[i] = 10;
        -:  130:        }
        3:  131:        break;
        -:  132:      }
        -:  133:      else //card is not in the set choosen for the game
        -:  134:      {
      194:  135:        state->supplyCount[i] = -1;
        -:  136:      }
        -:  137:    }
        -:  138:  }
        -:  139:
        -:  140:  ////////////////////////
        -:  141:  //supply intilization complete
        -:  142:
        -:  143:  //set player decks
        3:  144:  for (i = 0; i < numPlayers; i++)
        -:  145:  {
        2:  146:    state->deckCount[i] = 0;
        8:  147:    for (j = 0; j < 3; j++)
        -:  148:    {
        6:  149:      state->deck[i][j] = estate;
        6:  150:      state->deckCount[i]++;
        -:  151:    }
       16:  152:    for (j = 3; j < 10; j++)
        -:  153:    {
       14:  154:      state->deck[i][j] = copper;
       14:  155:      state->deckCount[i]++;
        -:  156:    }
        -:  157:  }
        -:  158:
        -:  159:  //shuffle player decks
        3:  160:  for (i = 0; i < numPlayers; i++)
        -:  161:  {
        2:  162:    if (shuffle(i, state) < 0)
        -:  163:    {
    #####:  164:      return -1;
        -:  165:    }
        -:  166:  }
        -:  167:
        -:  168:  //draw player hands
        3:  169:  for (i = 0; i < numPlayers; i++)
        -:  170:  {
        -:  171:    //initialize hand size to zero
        2:  172:    state->handCount[i] = 0;
        2:  173:    state->discardCount[i] = 0;
        -:  174:    //draw 5 cards
        -:  175:    // for (j = 0; j < 5; j++)
        -:  176:    //	{
        -:  177:    //	  drawCard(i, state);
        -:  178:    //	}
        -:  179:  }
        -:  180:
        -:  181:  //set embargo tokens to 0 for all supply piles
       28:  182:  for (i = 0; i <= treasure_map; i++)
        -:  183:  {
       27:  184:    state->embargoTokens[i] = 0;
        -:  185:  }
        -:  186:
        -:  187:  //initialize first player's turn
        1:  188:  state->outpostPlayed = 0;
        1:  189:  state->phase = 0;
        1:  190:  state->numActions = 1;
        1:  191:  state->numBuys = 1;
        1:  192:  state->playedCardCount = 0;
        1:  193:  state->whoseTurn = 0;
        1:  194:  state->handCount[state->whoseTurn] = 0;
        -:  195:  //int it; move to top
        -:  196:
        -:  197:  //Moved draw cards to here, only drawing at the start of a turn
        6:  198:  for (it = 0; it < 5; it++)
        -:  199:  {
        5:  200:    drawCard(state->whoseTurn, state);
        -:  201:  }
        -:  202:
        1:  203:  updateCoins(state->whoseTurn, state, 0);
        -:  204:
        1:  205:  return 0;
        -:  206:}
        -:  207:
        2:  208:int shuffle(int player, struct gameState *state)
        -:  209:{
        -:  210:
        -:  211:  int newDeck[MAX_DECK];
        2:  212:  int newDeckPos = 0;
        -:  213:  int card;
        -:  214:  int i;
        -:  215:
        2:  216:  if (state->deckCount[player] < 1)
    #####:  217:    return -1;
        2:  218:  qsort((void *)(state->deck[player]), state->deckCount[player], sizeof(int), compare);
        -:  219:  /* SORT CARDS IN DECK TO ENSURE DETERMINISM! */
        -:  220:
       24:  221:  while (state->deckCount[player] > 0)
        -:  222:  {
       20:  223:    card = floor(Random() * state->deckCount[player]);
       20:  224:    newDeck[newDeckPos] = state->deck[player][card];
       20:  225:    newDeckPos++;
       67:  226:    for (i = card; i < state->deckCount[player] - 1; i++)
        -:  227:    {
       47:  228:      state->deck[player][i] = state->deck[player][i + 1];
        -:  229:    }
       20:  230:    state->deckCount[player]--;
        -:  231:  }
       22:  232:  for (i = 0; i < newDeckPos; i++)
        -:  233:  {
       20:  234:    state->deck[player][i] = newDeck[i];
       20:  235:    state->deckCount[player]++;
        -:  236:  }
        -:  237:
        2:  238:  return 0;
        -:  239:}
        -:  240:
    #####:  241:int playCard(int handPos, int choice1, int choice2, int choice3, struct gameState *state)
        -:  242:{
        -:  243:  int card;
    #####:  244:  int coin_bonus = 0; //tracks coins gain from actions
        -:  245:
        -:  246:  //check if it is the right phase
    #####:  247:  if (state->phase != 0)
        -:  248:  {
    #####:  249:    return -1;
        -:  250:  }
        -:  251:
        -:  252:  //check if player has enough actions
    #####:  253:  if (state->numActions < 1)
        -:  254:  {
    #####:  255:    return -1;
        -:  256:  }
        -:  257:
        -:  258:  //get card played
    #####:  259:  card = handCard(handPos, state);
        -:  260:
        -:  261:  //check if selected card is an action
    #####:  262:  if (card < adventurer || card > treasure_map)
        -:  263:  {
    #####:  264:    return -1;
        -:  265:  }
        -:  266:
        -:  267:  //play card
    #####:  268:  if (cardEffect(card, choice1, choice2, choice3, state, handPos, &coin_bonus) < 0)
        -:  269:  {
    #####:  270:    return -1;
        -:  271:  }
        -:  272:
        -:  273:  //reduce number of actions
    #####:  274:  state->numActions--;
        -:  275:
        -:  276:  //update coins (Treasure cards may be added with card draws)
    #####:  277:  updateCoins(state->whoseTurn, state, coin_bonus);
        -:  278:
    #####:  279:  return 0;
        -:  280:}
        -:  281:
    #####:  282:int buyCard(int supplyPos, struct gameState *state)
        -:  283:{
        -:  284:  int who;
        -:  285:  if (DEBUG)
        -:  286:  {
        -:  287:    printf("Entering buyCard...\n");
        -:  288:  }
        -:  289:
        -:  290:  // I don't know what to do about the phase thing.
        -:  291:
    #####:  292:  who = state->whoseTurn;
        -:  293:
    #####:  294:  if (state->numBuys < 1)
        -:  295:  {
        -:  296:    if (DEBUG)
        -:  297:      printf("You do not have any buys left\n");
    #####:  298:    return -1;
        -:  299:  }
    #####:  300:  else if (supplyCount(supplyPos, state) < 1)
        -:  301:  {
        -:  302:    if (DEBUG)
        -:  303:      printf("There are not any of that type of card left\n");
    #####:  304:    return -1;
        -:  305:  }
    #####:  306:  else if (state->coins < getCost(supplyPos))
        -:  307:  {
        -:  308:    if (DEBUG)
        -:  309:      printf("You do not have enough money to buy that. You have %d coins.\n", state->coins);
    #####:  310:    return -1;
        -:  311:  }
        -:  312:  else
        -:  313:  {
    #####:  314:    state->phase = 1;
        -:  315:    //state->supplyCount[supplyPos]--;
    #####:  316:    gainCard(supplyPos, state, 0, who); //card goes in discard, this might be wrong.. (2 means goes into hand, 0 goes into discard)
        -:  317:
    #####:  318:    state->coins = (state->coins) - (getCost(supplyPos));
    #####:  319:    state->numBuys--;
        -:  320:    if (DEBUG)
        -:  321:      printf("You bought card number %d for %d coins. You now have %d buys and %d coins.\n", supplyPos, getCost(supplyPos), state->numBuys, state->coins);
        -:  322:  }
        -:  323:
        -:  324:  //state->discard[who][state->discardCount[who]] = supplyPos;
        -:  325:  //state->discardCount[who]++;
        -:  326:
    #####:  327:  return 0;
        -:  328:}
        -:  329:
    #####:  330:int numHandCards(struct gameState *state)
        -:  331:{
    #####:  332:  return state->handCount[whoseTurn(state)];
        -:  333:}
        -:  334:
    #####:  335:int handCard(int handPos, struct gameState *state)
        -:  336:{
    #####:  337:  int currentPlayer = whoseTurn(state);
    #####:  338:  return state->hand[currentPlayer][handPos];
        -:  339:}
        -:  340:
    #####:  341:int supplyCount(int card, struct gameState *state)
        -:  342:{
    #####:  343:  return state->supplyCount[card];
        -:  344:}
        -:  345:
    #####:  346:int fullDeckCount(int player, int card, struct gameState *state)
        -:  347:{
        -:  348:  int i;
    #####:  349:  int count = 0;
        -:  350:
    #####:  351:  for (i = 0; i < state->deckCount[player]; i++)
        -:  352:  {
    #####:  353:    if (state->deck[player][i] == card)
    #####:  354:      count++;
        -:  355:  }
        -:  356:
    #####:  357:  for (i = 0; i < state->handCount[player]; i++)
        -:  358:  {
    #####:  359:    if (state->hand[player][i] == card)
    #####:  360:      count++;
        -:  361:  }
        -:  362:
    #####:  363:  for (i = 0; i < state->discardCount[player]; i++)
        -:  364:  {
    #####:  365:    if (state->discard[player][i] == card)
    #####:  366:      count++;
        -:  367:  }
        -:  368:
    #####:  369:  return count;
        -:  370:}
        -:  371:
        1:  372:int whoseTurn(struct gameState *state)
        -:  373:{
        1:  374:  return state->whoseTurn;
        -:  375:}
        -:  376:
    #####:  377:int endTurn(struct gameState *state)
        -:  378:{
        -:  379:  int k;
        -:  380:  int i;
    #####:  381:  int currentPlayer = whoseTurn(state);
        -:  382:
        -:  383:  //Discard hand
    #####:  384:  for (i = 0; i < state->handCount[currentPlayer]; i++)
        -:  385:  {
    #####:  386:    state->discard[currentPlayer][state->discardCount[currentPlayer]++] = state->hand[currentPlayer][i]; //Discard
    #####:  387:    state->hand[currentPlayer][i] = -1;                                                                  //Set card to -1
        -:  388:  }
    #####:  389:  state->handCount[currentPlayer] = 0; //Reset hand count
        -:  390:
        -:  391:  //Code for determining the player
    #####:  392:  if (currentPlayer < (state->numPlayers - 1))
        -:  393:  {
    #####:  394:    state->whoseTurn = currentPlayer + 1; //Still safe to increment
        -:  395:  }
        -:  396:  else
        -:  397:  {
    #####:  398:    state->whoseTurn = 0; //Max player has been reached, loop back around to player 1
        -:  399:  }
        -:  400:
    #####:  401:  state->outpostPlayed = 0;
    #####:  402:  state->phase = 0;
    #####:  403:  state->numActions = 1;
    #####:  404:  state->coins = 0;
    #####:  405:  state->numBuys = 1;
    #####:  406:  state->playedCardCount = 0;
    #####:  407:  state->handCount[state->whoseTurn] = 0;
        -:  408:
        -:  409:  //int k; move to top
        -:  410:  //Next player draws hand
    #####:  411:  for (k = 0; k < 5; k++)
        -:  412:  {
    #####:  413:    drawCard(state->whoseTurn, state); //Draw a card
        -:  414:  }
        -:  415:
        -:  416:  //Update money
    #####:  417:  updateCoins(state->whoseTurn, state, 0);
        -:  418:
    #####:  419:  return 0;
        -:  420:}
        -:  421:
    #####:  422:int isGameOver(struct gameState *state)
        -:  423:{
        -:  424:  int i;
        -:  425:  int j;
        -:  426:
        -:  427:  //if stack of Province cards is empty, the game ends
    #####:  428:  if (state->supplyCount[province] == 0)
        -:  429:  {
    #####:  430:    return 1;
        -:  431:  }
        -:  432:
        -:  433:  //if three supply pile are at 0, the game ends
    #####:  434:  j = 0;
    #####:  435:  for (i = 0; i < 25; i++)
        -:  436:  {
    #####:  437:    if (state->supplyCount[i] == 0)
        -:  438:    {
    #####:  439:      j++;
        -:  440:    }
        -:  441:  }
    #####:  442:  if (j >= 3)
        -:  443:  {
    #####:  444:    return 1;
        -:  445:  }
        -:  446:
    #####:  447:  return 0;
        -:  448:}
        -:  449:
    #####:  450:int scoreFor(int player, struct gameState *state)
        -:  451:{
        -:  452:
        -:  453:  int i;
    #####:  454:  int score = 0;
        -:  455:  //score from hand
    #####:  456:  for (i = 0; i < state->handCount[player]; i++)
        -:  457:  {
    #####:  458:    if (state->hand[player][i] == curse)
        -:  459:    {
    #####:  460:      score = score - 1;
        -:  461:    };
    #####:  462:    if (state->hand[player][i] == estate)
        -:  463:    {
    #####:  464:      score = score + 1;
        -:  465:    };
    #####:  466:    if (state->hand[player][i] == duchy)
        -:  467:    {
    #####:  468:      score = score + 3;
        -:  469:    };
    #####:  470:    if (state->hand[player][i] == province)
        -:  471:    {
    #####:  472:      score = score + 6;
        -:  473:    };
    #####:  474:    if (state->hand[player][i] == great_hall)
        -:  475:    {
    #####:  476:      score = score + 1;
        -:  477:    };
    #####:  478:    if (state->hand[player][i] == gardens)
        -:  479:    {
    #####:  480:      score = score + (fullDeckCount(player, 0, state) / 10);
        -:  481:    };
        -:  482:  }
        -:  483:
        -:  484:  //score from discard
    #####:  485:  for (i = 0; i < state->discardCount[player]; i++)
        -:  486:  {
    #####:  487:    if (state->discard[player][i] == curse)
        -:  488:    {
    #####:  489:      score = score - 1;
        -:  490:    };
    #####:  491:    if (state->discard[player][i] == estate)
        -:  492:    {
    #####:  493:      score = score + 1;
        -:  494:    };
    #####:  495:    if (state->discard[player][i] == duchy)
        -:  496:    {
    #####:  497:      score = score + 3;
        -:  498:    };
    #####:  499:    if (state->discard[player][i] == province)
        -:  500:    {
    #####:  501:      score = score + 6;
        -:  502:    };
    #####:  503:    if (state->discard[player][i] == great_hall)
        -:  504:    {
    #####:  505:      score = score + 1;
        -:  506:    };
    #####:  507:    if (state->discard[player][i] == gardens)
        -:  508:    {
    #####:  509:      score = score + (fullDeckCount(player, 0, state) / 10);
        -:  510:    };
        -:  511:  }
        -:  512:
        -:  513:  //score from deck
    #####:  514:  for (i = 0; i < state->discardCount[player]; i++)
        -:  515:  {
    #####:  516:    if (state->deck[player][i] == curse)
        -:  517:    {
    #####:  518:      score = score - 1;
        -:  519:    };
    #####:  520:    if (state->deck[player][i] == estate)
        -:  521:    {
    #####:  522:      score = score + 1;
        -:  523:    };
    #####:  524:    if (state->deck[player][i] == duchy)
        -:  525:    {
    #####:  526:      score = score + 3;
        -:  527:    };
    #####:  528:    if (state->deck[player][i] == province)
        -:  529:    {
    #####:  530:      score = score + 6;
        -:  531:    };
    #####:  532:    if (state->deck[player][i] == great_hall)
        -:  533:    {
    #####:  534:      score = score + 1;
        -:  535:    };
    #####:  536:    if (state->deck[player][i] == gardens)
        -:  537:    {
    #####:  538:      score = score + (fullDeckCount(player, 0, state) / 10);
        -:  539:    };
        -:  540:  }
        -:  541:
    #####:  542:  return score;
        -:  543:}
        -:  544:
    #####:  545:int getWinners(int players[MAX_PLAYERS], struct gameState *state)
        -:  546:{
        -:  547:  int i;
        -:  548:  int j;
        -:  549:  int highScore;
        -:  550:  int currentPlayer;
        -:  551:
        -:  552:  //get score for each player
    #####:  553:  for (i = 0; i < MAX_PLAYERS; i++)
        -:  554:  {
        -:  555:    //set unused player scores to -9999
    #####:  556:    if (i >= state->numPlayers)
        -:  557:    {
    #####:  558:      players[i] = -9999;
        -:  559:    }
        -:  560:    else
        -:  561:    {
    #####:  562:      players[i] = scoreFor(i, state);
        -:  563:    }
        -:  564:  }
        -:  565:
        -:  566:  //find highest score
    #####:  567:  j = 0;
    #####:  568:  for (i = 0; i < MAX_PLAYERS; i++)
        -:  569:  {
    #####:  570:    if (players[i] > players[j])
        -:  571:    {
    #####:  572:      j = i;
        -:  573:    }
        -:  574:  }
    #####:  575:  highScore = players[j];
        -:  576:
        -:  577:  //add 1 to players who had less turns
    #####:  578:  currentPlayer = whoseTurn(state);
    #####:  579:  for (i = 0; i < MAX_PLAYERS; i++)
        -:  580:  {
    #####:  581:    if (players[i] == highScore && i > currentPlayer)
        -:  582:    {
    #####:  583:      players[i]++;
        -:  584:    }
        -:  585:  }
        -:  586:
        -:  587:  //find new highest score
    #####:  588:  j = 0;
    #####:  589:  for (i = 0; i < MAX_PLAYERS; i++)
        -:  590:  {
    #####:  591:    if (players[i] > players[j])
        -:  592:    {
    #####:  593:      j = i;
        -:  594:    }
        -:  595:  }
    #####:  596:  highScore = players[j];
        -:  597:
        -:  598:  //set winners in array to 1 and rest to 0
    #####:  599:  for (i = 0; i < MAX_PLAYERS; i++)
        -:  600:  {
    #####:  601:    if (players[i] == highScore)
        -:  602:    {
    #####:  603:      players[i] = 1;
        -:  604:    }
        -:  605:    else
        -:  606:    {
    #####:  607:      players[i] = 0;
        -:  608:    }
        -:  609:  }
        -:  610:
    #####:  611:  return 0;
        -:  612:}
        -:  613:
        6:  614:int drawCard(int player, struct gameState *state)
        -:  615:{
        -:  616:  int count;
        -:  617:  int deckCounter;
        6:  618:  if (state->deckCount[player] <= 0)
        -:  619:  { //Deck is empty
        -:  620:
        -:  621:    //Step 1 Shuffle the discard pile back into a deck
        -:  622:    int i;
        -:  623:    //Move discard to deck
    #####:  624:    for (i = 0; i < state->discardCount[player]; i++)
        -:  625:    {
    #####:  626:      state->deck[player][i] = state->discard[player][i];
    #####:  627:      state->discard[player][i] = -1;
        -:  628:    }
        -:  629:
    #####:  630:    state->deckCount[player] = state->discardCount[player];
    #####:  631:    state->discardCount[player] = 0; //Reset discard
        -:  632:
        -:  633:    //Shufffle the deck
    #####:  634:    shuffle(player, state); //Shuffle the deck up and make it so that we can draw
        -:  635:
        -:  636:    if (DEBUG)
        -:  637:    { //Debug statements
        -:  638:      printf("Deck count now: %d\n", state->deckCount[player]);
        -:  639:    }
        -:  640:
    #####:  641:    state->discardCount[player] = 0;
        -:  642:
        -:  643:    //Step 2 Draw Card
    #####:  644:    count = state->handCount[player]; //Get current player's hand count
        -:  645:
        -:  646:    if (DEBUG)
        -:  647:    { //Debug statements
        -:  648:      printf("Current hand count: %d\n", count);
        -:  649:    }
        -:  650:
    #####:  651:    deckCounter = state->deckCount[player]; //Create a holder for the deck count
        -:  652:
    #####:  653:    if (deckCounter == 0)
    #####:  654:      return -1;
        -:  655:
    #####:  656:    state->hand[player][count] = state->deck[player][deckCounter - 1]; //Add card to hand
    #####:  657:    state->deckCount[player]--;
    #####:  658:    state->handCount[player]++; //Increment hand count
        -:  659:  }
        -:  660:
        -:  661:  else
        -:  662:  {
        6:  663:    int count = state->handCount[player]; //Get current hand count for player
        -:  664:    int deckCounter;
        -:  665:    if (DEBUG)
        -:  666:    { //Debug statements
        -:  667:      printf("Current hand count: %d\n", count);
        -:  668:    }
        -:  669:
        6:  670:    deckCounter = state->deckCount[player];                            //Create holder for the deck count
        6:  671:    state->hand[player][count] = state->deck[player][deckCounter - 1]; //Add card to the hand
        6:  672:    state->deckCount[player]--;
        6:  673:    state->handCount[player]++; //Increment hand count
        -:  674:  }
        -:  675:
        6:  676:  return 0;
        -:  677:}
        -:  678:
    #####:  679:int getCost(int cardNumber)
        -:  680:{
    #####:  681:  switch (cardNumber)
        -:  682:  {
    #####:  683:  case curse:
    #####:  684:    return 0;
    #####:  685:  case estate:
    #####:  686:    return 2;
    #####:  687:  case duchy:
    #####:  688:    return 5;
    #####:  689:  case province:
    #####:  690:    return 8;
    #####:  691:  case copper:
    #####:  692:    return 0;
    #####:  693:  case silver:
    #####:  694:    return 3;
    #####:  695:  case gold:
    #####:  696:    return 6;
    #####:  697:  case adventurer:
    #####:  698:    return 6;
    #####:  699:  case council_room:
    #####:  700:    return 5;
    #####:  701:  case feast:
    #####:  702:    return 4;
    #####:  703:  case gardens:
    #####:  704:    return 4;
    #####:  705:  case mine:
    #####:  706:    return 5;
    #####:  707:  case remodel:
    #####:  708:    return 4;
    #####:  709:  case smithy:
    #####:  710:    return 4;
    #####:  711:  case village:
    #####:  712:    return 3;
    #####:  713:  case baron:
    #####:  714:    return 4;
    #####:  715:  case great_hall:
    #####:  716:    return 3;
    #####:  717:  case minion:
    #####:  718:    return 5;
    #####:  719:  case steward:
    #####:  720:    return 3;
    #####:  721:  case tribute:
    #####:  722:    return 5;
    #####:  723:  case ambassador:
    #####:  724:    return 3;
    #####:  725:  case cutpurse:
    #####:  726:    return 4;
    #####:  727:  case embargo:
    #####:  728:    return 2;
    #####:  729:  case outpost:
    #####:  730:    return 5;
    #####:  731:  case salvager:
    #####:  732:    return 4;
    #####:  733:  case sea_hag:
    #####:  734:    return 4;
    #####:  735:  case treasure_map:
    #####:  736:    return 4;
        -:  737:  }
        -:  738:
    #####:  739:  return -1;
        -:  740:}
        -:  741:
        -:  742:/**
        -:  743: * List of card actions
        -:  744: * 
        -:  745: * TODO: figure out of the whole switch statement is removed
        -:  746: * or just individual cards
        -:  747: * */
        -:  748:
    #####:  749:int adventurerCard(int drawntreasure, struct gameState *state, int currentPlayer, int cardDrawn, int *temphand, int z)
        -:  750:{
    #####:  751:  while (drawntreasure < 2)
        -:  752:  {
    #####:  753:    if (state->deckCount[currentPlayer] < 1)
        -:  754:    { //if the deck is empty we need to shuffle discard and add to deck
    #####:  755:      shuffle(currentPlayer, state);
        -:  756:    }
    #####:  757:    drawCard(currentPlayer, state);
    #####:  758:    cardDrawn = state->hand[currentPlayer][state->handCount[currentPlayer] - 1]; //top card of hand is most recently drawn card.
    #####:  759:    if (cardDrawn == copper || cardDrawn == silver)
    #####:  760:      drawntreasure++;
        -:  761:    else
        -:  762:    {
    #####:  763:      temphand[z] = cardDrawn;
    #####:  764:      state->handCount[currentPlayer]--; //this should just remove the top card (the most recently drawn one).
    #####:  765:      z++;
        -:  766:    }
        -:  767:  }
    #####:  768:  while (z - 1 >= 0)
        -:  769:  {
    #####:  770:    state->discard[currentPlayer][state->discardCount[currentPlayer]++] = temphand[z - 1]; // discard all cards in play that have been drawn
    #####:  771:    z = z - 1;
        -:  772:  }
    #####:  773:  return 0;
        -:  774:}
        -:  775:
    #####:  776:int smithyCard(int i, int currentPlayer, struct gameState *state, int handPos)
        -:  777:{
        -:  778:  //+3 Cards
    #####:  779:  for (i = 3; i != 1; i--)
        -:  780:  {
    #####:  781:    drawCard(currentPlayer, state);
        -:  782:  }
        -:  783:
        -:  784:  //discard card from hand
    #####:  785:  discardCard(handPos, currentPlayer, state, 0);
    #####:  786:  return 0;
        -:  787:}
        -:  788:
        1:  789:int villageCard(int currentPlayer, struct gameState *state, int handPos)
        -:  790:{
        -:  791:  //+1 Card
        1:  792:  drawCard(currentPlayer, state);
        -:  793:
        -:  794:  //+2 Actions
        1:  795:  state->numActions = state->numActions + 3;
        -:  796:
        -:  797:  //discard played card from hand
        1:  798:  discardCard(handPos, currentPlayer, state, 0);
        1:  799:  return 0;
        -:  800:}
        -:  801:
    #####:  802:int feastCard(int i, struct gameState *state, int currentPlayer, int *temphand, int x, int choice1)
        -:  803:{
        -:  804:  //gain card with cost up to 5
        -:  805:  //Backup hand
    #####:  806:  for (i = 0; i <= state->handCount[currentPlayer]; i++)
        -:  807:  {
    #####:  808:    temphand[i] = state->hand[currentPlayer][i]; //Backup card
    #####:  809:    state->hand[currentPlayer][i] = -1;          //Set to nothing
        -:  810:  }
        -:  811:  //Backup hand
        -:  812:
        -:  813:  //Update Coins for Buy
    #####:  814:  updateCoins(currentPlayer, state, 5);
    #####:  815:  x = 0; //Condition to loop on
    #####:  816:  while (x == 1)
        -:  817:  { //Buy one card
    #####:  818:    if (supplyCount(choice1, state) <= 0)
        -:  819:    {
        -:  820:      if (DEBUG)
        -:  821:        printf("None of that card left, sorry!\n");
        -:  822:
        -:  823:      if (DEBUG)
        -:  824:      {
        -:  825:        printf("Cards Left: %d\n", supplyCount(choice1, state));
        -:  826:      }
        -:  827:    }
    #####:  828:    else if (state->coins < getCost(choice1))
        -:  829:    {
    #####:  830:      printf("That card is too expensive!\n");
        -:  831:
        -:  832:      if (DEBUG)
        -:  833:      {
        -:  834:        printf("Coins: %d < %d\n", state->coins, getCost(choice1));
        -:  835:      }
        -:  836:    }
        -:  837:    else
        -:  838:    {
        -:  839:
        -:  840:      if (DEBUG)
        -:  841:      {
        -:  842:        printf("Deck Count: %d\n", state->handCount[currentPlayer] + state->deckCount[currentPlayer] + state->discardCount[currentPlayer]);
        -:  843:      }
        -:  844:
    #####:  845:      gainCard(choice1, state, 0, currentPlayer); //Gain the card
    #####:  846:      x = 0;                                      //No more buying cards
        -:  847:
        -:  848:      if (DEBUG)
        -:  849:      {
        -:  850:        printf("Deck Count: %d\n", state->handCount[currentPlayer] + state->deckCount[currentPlayer] + state->discardCount[currentPlayer]);
        -:  851:      }
        -:  852:    }
        -:  853:  }
        -:  854:
        -:  855:  //Reset Hand
    #####:  856:  for (i = 0; i <= state->handCount[currentPlayer]; i++)
        -:  857:  {
    #####:  858:    state->hand[currentPlayer][i] = temphand[i];
    #####:  859:    temphand[i] = -1;
        -:  860:  }
        -:  861:  //Reset Hand
        -:  862:
    #####:  863:  return 0;
        -:  864:}
        -:  865:
    #####:  866:int mineCard(int i, int j, struct gameState *state, int currentPlayer, int choice1, int choice2, int handPos)
        -:  867:{
    #####:  868:  j = state->hand[currentPlayer][choice1]; //store card we will trash
        -:  869:
    #####:  870:  if (state->hand[currentPlayer][choice1] < copper || state->hand[currentPlayer][choice1] > gold)
        -:  871:  {
    #####:  872:    return -1;
        -:  873:  }
        -:  874:
    #####:  875:  if (choice2 > treasure_map || choice2 < curse)
        -:  876:  {
    #####:  877:    return -1;
        -:  878:  }
        -:  879:
    #####:  880:  if ((getCost(state->hand[currentPlayer][choice1]) + 3) > getCost(choice2))
        -:  881:  {
    #####:  882:    return -1;
        -:  883:  }
        -:  884:
    #####:  885:  gainCard(choice2, state, 2, currentPlayer);
        -:  886:
        -:  887:  //discard card from hand
    #####:  888:  discardCard(handPos, currentPlayer, state, 0);
        -:  889:
        -:  890:  //discard trashed card
    #####:  891:  for (i = 0; i < state->handCount[currentPlayer]; i++)
        -:  892:  {
    #####:  893:    if (state->hand[currentPlayer][i] == j)
        -:  894:    {
    #####:  895:      discardCard(i, currentPlayer, state, 0);
    #####:  896:      break;
        -:  897:    }
        -:  898:  }
        -:  899:
    #####:  900:  return 0;
        -:  901:}
        -:  902:
        1:  903:int cardEffect(int card, int choice1, int choice2, int choice3, struct gameState *state, int handPos, int *bonus)
        -:  904:{
        -:  905:  int i;
        -:  906:  int j;
        -:  907:  int k;
        -:  908:  int x;
        -:  909:  int index;
        1:  910:  int currentPlayer = whoseTurn(state);
        1:  911:  int nextPlayer = currentPlayer + 1;
        -:  912:
        1:  913:  int tributeRevealedCards[2] = {-1, -1};
        -:  914:  int temphand[MAX_HAND]; // moved above the if statement
        1:  915:  int drawntreasure = 0;
        -:  916:  int cardDrawn;
        1:  917:  int z = 0; // this is the counter for the temp hand
        1:  918:  if (nextPlayer > (state->numPlayers - 1))
        -:  919:  {
    #####:  920:    nextPlayer = 0;
        -:  921:  }
        -:  922:
        -:  923:  //uses switch to select card and perform actions
        1:  924:  switch (card)
        -:  925:  {
    #####:  926:  case adventurer:
    #####:  927:    return adventurerCard(drawntreasure, state, currentPlayer, cardDrawn, temphand, z);
    #####:  928:  case council_room:
        -:  929:    //+4 Cards
    #####:  930:    for (i = 0; i < 4; i++)
        -:  931:    {
    #####:  932:      drawCard(currentPlayer, state);
        -:  933:    }
        -:  934:
        -:  935:    //+1 Buy
    #####:  936:    state->numBuys++;
        -:  937:
        -:  938:    //Each other player draws a card
    #####:  939:    for (i = 0; i < state->numPlayers; i++)
        -:  940:    {
    #####:  941:      if (i != currentPlayer)
        -:  942:      {
    #####:  943:        drawCard(i, state);
        -:  944:      }
        -:  945:    }
        -:  946:
        -:  947:    //put played card in played card pile
    #####:  948:    discardCard(handPos, currentPlayer, state, 0);
        -:  949:
    #####:  950:    return 0;
        -:  951:
    #####:  952:  case feast:
    #####:  953:    return feastCard(i, state, currentPlayer, temphand, x, choice1);
    #####:  954:  case gardens:
    #####:  955:    return -1;
        -:  956:
    #####:  957:  case mine:
    #####:  958:    return mineCard(i, j, state, currentPlayer, choice1, choice2, handPos);
    #####:  959:  case remodel:
    #####:  960:    j = state->hand[currentPlayer][choice1]; //store card we will trash
        -:  961:
    #####:  962:    if ((getCost(state->hand[currentPlayer][choice1]) + 2) > getCost(choice2))
        -:  963:    {
    #####:  964:      return -1;
        -:  965:    }
        -:  966:
    #####:  967:    gainCard(choice2, state, 0, currentPlayer);
        -:  968:
        -:  969:    //discard card from hand
    #####:  970:    discardCard(handPos, currentPlayer, state, 0);
        -:  971:
        -:  972:    //discard trashed card
    #####:  973:    for (i = 0; i < state->handCount[currentPlayer]; i++)
        -:  974:    {
    #####:  975:      if (state->hand[currentPlayer][i] == j)
        -:  976:      {
    #####:  977:        discardCard(i, currentPlayer, state, 0);
    #####:  978:        break;
        -:  979:      }
        -:  980:    }
        -:  981:
    #####:  982:    return 0;
        -:  983:
    #####:  984:  case smithy:
    #####:  985:    return smithyCard(i, currentPlayer, state, handPos);
        1:  986:  case village:
        1:  987:    return villageCard(currentPlayer, state, handPos);
    #####:  988:  case baron:
    #####:  989:    state->numBuys++; //Increase buys by 1!
    #####:  990:    if (choice1 > 0)
        -:  991:    {                             //Boolean true or going to discard an estate
    #####:  992:      int p = 0;                  //Iterator for hand!
    #####:  993:      int card_not_discarded = 1; //Flag for discard set!
    #####:  994:      while (card_not_discarded)
        -:  995:      {
    #####:  996:        if (state->hand[currentPlayer][p] == estate)
        -:  997:        {                    //Found an estate card!
    #####:  998:          state->coins += 4; //Add 4 coins to the amount of coins
    #####:  999:          state->discard[currentPlayer][state->discardCount[currentPlayer]] = state->hand[currentPlayer][p];
    #####: 1000:          state->discardCount[currentPlayer]++;
    #####: 1001:          for (; p < state->handCount[currentPlayer]; p++)
        -: 1002:          {
    #####: 1003:            state->hand[currentPlayer][p] = state->hand[currentPlayer][p + 1];
        -: 1004:          }
    #####: 1005:          state->hand[currentPlayer][state->handCount[currentPlayer]] = -1;
    #####: 1006:          state->handCount[currentPlayer]--;
    #####: 1007:          card_not_discarded = 0; //Exit the loop
        -: 1008:        }
    #####: 1009:        else if (p > state->handCount[currentPlayer])
        -: 1010:        {
        -: 1011:          if (DEBUG)
        -: 1012:          {
        -: 1013:            printf("No estate cards in your hand, invalid choice\n");
        -: 1014:            printf("Must gain an estate if there are any\n");
        -: 1015:          }
    #####: 1016:          if (supplyCount(estate, state) > 0)
        -: 1017:          {
    #####: 1018:            gainCard(estate, state, 0, currentPlayer);
    #####: 1019:            state->supplyCount[estate]--; //Decrement estates
    #####: 1020:            if (supplyCount(estate, state) == 0)
        -: 1021:            {
    #####: 1022:              isGameOver(state);
        -: 1023:            }
        -: 1024:          }
    #####: 1025:          card_not_discarded = 0; //Exit the loop
        -: 1026:        }
        -: 1027:
        -: 1028:        else
        -: 1029:        {
    #####: 1030:          p++; //Next card
        -: 1031:        }
        -: 1032:      }
        -: 1033:    }
        -: 1034:
        -: 1035:    else
        -: 1036:    {
    #####: 1037:      if (supplyCount(estate, state) > 0)
        -: 1038:      {
    #####: 1039:        gainCard(estate, state, 0, currentPlayer); //Gain an estate
    #####: 1040:        state->supplyCount[estate]--;              //Decrement Estates
    #####: 1041:        if (supplyCount(estate, state) == 0)
        -: 1042:        {
    #####: 1043:          isGameOver(state);
        -: 1044:        }
        -: 1045:      }
        -: 1046:    }
        -: 1047:
    #####: 1048:    return 0;
        -: 1049:
    #####: 1050:  case great_hall:
        -: 1051:    //+1 Card
    #####: 1052:    drawCard(currentPlayer, state);
        -: 1053:
        -: 1054:    //+1 Actions
    #####: 1055:    state->numActions++;
        -: 1056:
        -: 1057:    //discard card from hand
    #####: 1058:    discardCard(handPos, currentPlayer, state, 0);
    #####: 1059:    return 0;
        -: 1060:
    #####: 1061:  case minion:
        -: 1062:    //+1 action
    #####: 1063:    state->numActions++;
        -: 1064:
        -: 1065:    //discard card from hand
    #####: 1066:    discardCard(handPos, currentPlayer, state, 0);
        -: 1067:
    #####: 1068:    if (choice1) //+2 coins
        -: 1069:    {
    #####: 1070:      state->coins = state->coins + 2;
        -: 1071:    }
        -: 1072:
    #####: 1073:    else if (choice2) //discard hand, redraw 4, other players with 5+ cards discard hand and draw 4
        -: 1074:    {
        -: 1075:      //discard hand
    #####: 1076:      while (numHandCards(state) > 0)
        -: 1077:      {
    #####: 1078:        discardCard(handPos, currentPlayer, state, 0);
        -: 1079:      }
        -: 1080:
        -: 1081:      //draw 4
    #####: 1082:      for (i = 0; i < 4; i++)
        -: 1083:      {
    #####: 1084:        drawCard(currentPlayer, state);
        -: 1085:      }
        -: 1086:
        -: 1087:      //other players discard hand and redraw if hand size > 4
    #####: 1088:      for (i = 0; i < state->numPlayers; i++)
        -: 1089:      {
    #####: 1090:        if (i != currentPlayer)
        -: 1091:        {
    #####: 1092:          if (state->handCount[i] > 4)
        -: 1093:          {
        -: 1094:            //discard hand
    #####: 1095:            while (state->handCount[i] > 0)
        -: 1096:            {
    #####: 1097:              discardCard(handPos, i, state, 0);
        -: 1098:            }
        -: 1099:
        -: 1100:            //draw 4
    #####: 1101:            for (j = 0; j < 4; j++)
        -: 1102:            {
    #####: 1103:              drawCard(i, state);
        -: 1104:            }
        -: 1105:          }
        -: 1106:        }
        -: 1107:      }
        -: 1108:    }
    #####: 1109:    return 0;
        -: 1110:
    #####: 1111:  case steward:
    #####: 1112:    if (choice1 == 1)
        -: 1113:    {
        -: 1114:      //+2 cards
    #####: 1115:      drawCard(currentPlayer, state);
    #####: 1116:      drawCard(currentPlayer, state);
        -: 1117:    }
    #####: 1118:    else if (choice1 == 2)
        -: 1119:    {
        -: 1120:      //+2 coins
    #####: 1121:      state->coins = state->coins + 2;
        -: 1122:    }
        -: 1123:    else
        -: 1124:    {
        -: 1125:      //trash 2 cards in hand
    #####: 1126:      discardCard(choice2, currentPlayer, state, 1);
    #####: 1127:      discardCard(choice3, currentPlayer, state, 1);
        -: 1128:    }
        -: 1129:
        -: 1130:    //discard card from hand
    #####: 1131:    discardCard(handPos, currentPlayer, state, 0);
    #####: 1132:    return 0;
        -: 1133:
    #####: 1134:  case tribute:
    #####: 1135:    if ((state->discardCount[nextPlayer] + state->deckCount[nextPlayer]) <= 1)
        -: 1136:    {
    #####: 1137:      if (state->deckCount[nextPlayer] > 0)
        -: 1138:      {
    #####: 1139:        tributeRevealedCards[0] = state->deck[nextPlayer][state->deckCount[nextPlayer] - 1];
    #####: 1140:        state->deckCount[nextPlayer]--;
        -: 1141:      }
    #####: 1142:      else if (state->discardCount[nextPlayer] > 0)
        -: 1143:      {
    #####: 1144:        tributeRevealedCards[0] = state->discard[nextPlayer][state->discardCount[nextPlayer] - 1];
    #####: 1145:        state->discardCount[nextPlayer]--;
        -: 1146:      }
        -: 1147:      else
        -: 1148:      {
        -: 1149:        //No Card to Reveal
        -: 1150:        if (DEBUG)
        -: 1151:        {
        -: 1152:          printf("No cards to reveal\n");
        -: 1153:        }
        -: 1154:      }
        -: 1155:    }
        -: 1156:
        -: 1157:    else
        -: 1158:    {
    #####: 1159:      if (state->deckCount[nextPlayer] == 0)
        -: 1160:      {
    #####: 1161:        for (i = 0; i < state->discardCount[nextPlayer]; i++)
        -: 1162:        {
    #####: 1163:          state->deck[nextPlayer][i] = state->discard[nextPlayer][i]; //Move to deck
    #####: 1164:          state->deckCount[nextPlayer]++;
    #####: 1165:          state->discard[nextPlayer][i] = -1;
    #####: 1166:          state->discardCount[nextPlayer]--;
        -: 1167:        }
        -: 1168:
    #####: 1169:        shuffle(nextPlayer, state); //Shuffle the deck
        -: 1170:      }
    #####: 1171:      tributeRevealedCards[0] = state->deck[nextPlayer][state->deckCount[nextPlayer] - 1];
    #####: 1172:      state->deck[nextPlayer][state->deckCount[nextPlayer]--] = -1;
    #####: 1173:      state->deckCount[nextPlayer]--;
    #####: 1174:      tributeRevealedCards[1] = state->deck[nextPlayer][state->deckCount[nextPlayer] - 1];
    #####: 1175:      state->deck[nextPlayer][state->deckCount[nextPlayer]--] = -1;
    #####: 1176:      state->deckCount[nextPlayer]--;
        -: 1177:    }
        -: 1178:
    #####: 1179:    if (tributeRevealedCards[0] == tributeRevealedCards[1])
        -: 1180:    { //If we have a duplicate card, just drop one
    #####: 1181:      state->playedCards[state->playedCardCount] = tributeRevealedCards[1];
    #####: 1182:      state->playedCardCount++;
    #####: 1183:      tributeRevealedCards[1] = -1;
        -: 1184:    }
        -: 1185:
    #####: 1186:    for (i = 0; i <= 2; i++)
        -: 1187:    {
    #####: 1188:      if (tributeRevealedCards[i] == copper || tributeRevealedCards[i] == silver || tributeRevealedCards[i] == gold)
        -: 1189:      { //Treasure cards
    #####: 1190:        state->coins += 2;
        -: 1191:      }
        -: 1192:
    #####: 1193:      else if (tributeRevealedCards[i] == estate || tributeRevealedCards[i] == duchy || tributeRevealedCards[i] == province || tributeRevealedCards[i] == gardens || tributeRevealedCards[i] == great_hall)
        -: 1194:      { //Victory Card Found
    #####: 1195:        drawCard(currentPlayer, state);
    #####: 1196:        drawCard(currentPlayer, state);
        -: 1197:      }
        -: 1198:      else
        -: 1199:      { //Action Card
    #####: 1200:        state->numActions = state->numActions + 2;
        -: 1201:      }
        -: 1202:    }
        -: 1203:
    #####: 1204:    return 0;
        -: 1205:
    #####: 1206:  case ambassador:
    #####: 1207:    j = 0; //used to check if player has enough cards to discard
        -: 1208:
    #####: 1209:    if (choice2 > 2 || choice2 < 0)
        -: 1210:    {
    #####: 1211:      return -1;
        -: 1212:    }
        -: 1213:
    #####: 1214:    if (choice1 == handPos)
        -: 1215:    {
    #####: 1216:      return -1;
        -: 1217:    }
        -: 1218:
    #####: 1219:    for (i = 0; i < state->handCount[currentPlayer]; i++)
        -: 1220:    {
    #####: 1221:      if (i != handPos && i == state->hand[currentPlayer][choice1] && i != choice1)
        -: 1222:      {
    #####: 1223:        j++;
        -: 1224:      }
        -: 1225:    }
    #####: 1226:    if (j < choice2)
        -: 1227:    {
    #####: 1228:      return -1;
        -: 1229:    }
        -: 1230:
        -: 1231:    if (DEBUG)
        -: 1232:      printf("Player %d reveals card number: %d\n", currentPlayer, state->hand[currentPlayer][choice1]);
        -: 1233:
        -: 1234:    //increase supply count for choosen card by amount being discarded
    #####: 1235:    state->supplyCount[state->hand[currentPlayer][choice1]] += choice2;
        -: 1236:
        -: 1237:    //each other player gains a copy of revealed card
    #####: 1238:    for (i = 0; i < state->numPlayers; i++)
        -: 1239:    {
    #####: 1240:      if (i != currentPlayer)
        -: 1241:      {
    #####: 1242:        gainCard(state->hand[currentPlayer][choice1], state, 0, i);
        -: 1243:      }
        -: 1244:    }
        -: 1245:
        -: 1246:    //discard played card from hand
    #####: 1247:    discardCard(handPos, currentPlayer, state, 0);
        -: 1248:
        -: 1249:    //trash copies of cards returned to supply
    #####: 1250:    for (j = 0; j < choice2; j++)
        -: 1251:    {
    #####: 1252:      for (i = 0; i < state->handCount[currentPlayer]; i++)
        -: 1253:      {
    #####: 1254:        if (state->hand[currentPlayer][i] == state->hand[currentPlayer][choice1])
        -: 1255:        {
    #####: 1256:          discardCard(i, currentPlayer, state, 1);
    #####: 1257:          break;
        -: 1258:        }
        -: 1259:      }
        -: 1260:    }
        -: 1261:
    #####: 1262:    return 0;
        -: 1263:
    #####: 1264:  case cutpurse:
        -: 1265:
    #####: 1266:    updateCoins(currentPlayer, state, 2);
    #####: 1267:    for (i = 0; i < state->numPlayers; i++)
        -: 1268:    {
    #####: 1269:      if (i != currentPlayer)
        -: 1270:      {
    #####: 1271:        for (j = 0; j < state->handCount[i]; j++)
        -: 1272:        {
    #####: 1273:          if (state->hand[i][j] == copper)
        -: 1274:          {
    #####: 1275:            discardCard(j, i, state, 0);
    #####: 1276:            break;
        -: 1277:          }
    #####: 1278:          if (j == state->handCount[i])
        -: 1279:          {
    #####: 1280:            for (k = 0; k < state->handCount[i]; k++)
        -: 1281:            {
        -: 1282:              if (DEBUG)
        -: 1283:                printf("Player %d reveals card number %d\n", i, state->hand[i][k]);
        -: 1284:            }
    #####: 1285:            break;
        -: 1286:          }
        -: 1287:        }
        -: 1288:      }
        -: 1289:    }
        -: 1290:
        -: 1291:    //discard played card from hand
    #####: 1292:    discardCard(handPos, currentPlayer, state, 0);
        -: 1293:
    #####: 1294:    return 0;
        -: 1295:
    #####: 1296:  case embargo:
        -: 1297:    //+2 Coins
    #####: 1298:    state->coins = state->coins + 2;
        -: 1299:
        -: 1300:    //see if selected pile is in play
    #####: 1301:    if (state->supplyCount[choice1] == -1)
        -: 1302:    {
    #####: 1303:      return -1;
        -: 1304:    }
        -: 1305:
        -: 1306:    //add embargo token to selected supply pile
    #####: 1307:    state->embargoTokens[choice1]++;
        -: 1308:
        -: 1309:    //trash card
    #####: 1310:    discardCard(handPos, currentPlayer, state, 1);
    #####: 1311:    return 0;
        -: 1312:
    #####: 1313:  case outpost:
        -: 1314:    //set outpost flag
    #####: 1315:    state->outpostPlayed++;
        -: 1316:
        -: 1317:    //discard card
    #####: 1318:    discardCard(handPos, currentPlayer, state, 0);
    #####: 1319:    return 0;
        -: 1320:
    #####: 1321:  case salvager:
        -: 1322:    //+1 buy
    #####: 1323:    state->numBuys++;
        -: 1324:
    #####: 1325:    if (choice1)
        -: 1326:    {
        -: 1327:      //gain coins equal to trashed card
    #####: 1328:      state->coins = state->coins + getCost(handCard(choice1, state));
        -: 1329:      //trash card
    #####: 1330:      discardCard(choice1, currentPlayer, state, 1);
        -: 1331:    }
        -: 1332:
        -: 1333:    //discard card
    #####: 1334:    discardCard(handPos, currentPlayer, state, 0);
    #####: 1335:    return 0;
        -: 1336:
    #####: 1337:  case sea_hag:
    #####: 1338:    for (i = 0; i < state->numPlayers; i++)
        -: 1339:    {
    #####: 1340:      if (i != currentPlayer)
        -: 1341:      {
    #####: 1342:        state->discard[i][state->discardCount[i]] = state->deck[i][state->deckCount[i]--];
    #####: 1343:        state->deckCount[i]--;
    #####: 1344:        state->discardCount[i]++;
    #####: 1345:        state->deck[i][state->deckCount[i]--] = curse; //Top card now a curse
        -: 1346:      }
        -: 1347:    }
    #####: 1348:    return 0;
        -: 1349:
    #####: 1350:  case treasure_map:
        -: 1351:    //search hand for another treasure_map
    #####: 1352:    index = -1;
    #####: 1353:    for (i = 0; i < state->handCount[currentPlayer]; i++)
        -: 1354:    {
    #####: 1355:      if (state->hand[currentPlayer][i] == treasure_map && i != handPos)
        -: 1356:      {
    #####: 1357:        index = i;
    #####: 1358:        break;
        -: 1359:      }
        -: 1360:    }
    #####: 1361:    if (index > -1)
        -: 1362:    {
        -: 1363:      //trash both treasure cards
    #####: 1364:      discardCard(handPos, currentPlayer, state, 1);
    #####: 1365:      discardCard(index, currentPlayer, state, 1);
        -: 1366:
        -: 1367:      //gain 4 Gold cards
    #####: 1368:      for (i = 0; i < 4; i++)
        -: 1369:      {
    #####: 1370:        gainCard(gold, state, 1, currentPlayer);
        -: 1371:      }
        -: 1372:
        -: 1373:      //return success
    #####: 1374:      return 1;
        -: 1375:    }
        -: 1376:
        -: 1377:    //no second treasure_map found in hand
    #####: 1378:    return -1;
        -: 1379:  }
        -: 1380:
    #####: 1381:  return -1;
        -: 1382:}
        -: 1383:
        1: 1384:int discardCard(int handPos, int currentPlayer, struct gameState *state, int trashFlag)
        -: 1385:{
        -: 1386:
        -: 1387:  //if card is not trashed, added to Played pile
        1: 1388:  if (trashFlag < 1)
        -: 1389:  {
        -: 1390:    //add card to played pile
        1: 1391:    state->playedCards[state->playedCardCount] = state->hand[currentPlayer][handPos];
        1: 1392:    state->playedCardCount++;
        -: 1393:  }
        -: 1394:
        -: 1395:  //set played card to -1
        1: 1396:  state->hand[currentPlayer][handPos] = -1;
        -: 1397:
        -: 1398:  //remove card from player's hand
        1: 1399:  if (handPos == (state->handCount[currentPlayer] - 1)) //last card in hand array is played
        -: 1400:  {
        -: 1401:    //reduce number of cards in hand
    #####: 1402:    state->handCount[currentPlayer]--;
        -: 1403:  }
        1: 1404:  else if (state->handCount[currentPlayer] == 1) //only one card in hand
        -: 1405:  {
        -: 1406:    //reduce number of cards in hand
    #####: 1407:    state->handCount[currentPlayer]--;
        -: 1408:  }
        -: 1409:  else
        -: 1410:  {
        -: 1411:    //replace discarded card with last card in hand
        1: 1412:    state->hand[currentPlayer][handPos] = state->hand[currentPlayer][(state->handCount[currentPlayer] - 1)];
        -: 1413:    //set last card to -1
        1: 1414:    state->hand[currentPlayer][state->handCount[currentPlayer] - 1] = -1;
        -: 1415:    //reduce number of cards in hand
        1: 1416:    state->handCount[currentPlayer]--;
        -: 1417:  }
        -: 1418:
        1: 1419:  return 0;
        -: 1420:}
        -: 1421:
    #####: 1422:int gainCard(int supplyPos, struct gameState *state, int toFlag, int player)
        -: 1423:{
        -: 1424:  //Note: supplyPos is enum of choosen card
        -: 1425:
        -: 1426:  //check if supply pile is empty (0) or card is not used in game (-1)
    #####: 1427:  if (supplyCount(supplyPos, state) < 1)
        -: 1428:  {
    #####: 1429:    return -1;
        -: 1430:  }
        -: 1431:
        -: 1432:  //added card for [whoseTurn] current player:
        -: 1433:  // toFlag = 0 : add to discard
        -: 1434:  // toFlag = 1 : add to deck
        -: 1435:  // toFlag = 2 : add to hand
        -: 1436:
    #####: 1437:  if (toFlag == 1)
        -: 1438:  {
    #####: 1439:    state->deck[player][state->deckCount[player]] = supplyPos;
    #####: 1440:    state->deckCount[player]++;
        -: 1441:  }
    #####: 1442:  else if (toFlag == 2)
        -: 1443:  {
    #####: 1444:    state->hand[player][state->handCount[player]] = supplyPos;
    #####: 1445:    state->handCount[player]++;
        -: 1446:  }
        -: 1447:  else
        -: 1448:  {
    #####: 1449:    state->discard[player][state->discardCount[player]] = supplyPos;
    #####: 1450:    state->discardCount[player]++;
        -: 1451:  }
        -: 1452:
        -: 1453:  //decrease number in supply pile
    #####: 1454:  state->supplyCount[supplyPos]--;
        -: 1455:
    #####: 1456:  return 0;
        -: 1457:}
        -: 1458:
        1: 1459:int updateCoins(int player, struct gameState *state, int bonus)
        -: 1460:{
        -: 1461:  int i;
        -: 1462:
        -: 1463:  //reset coin count
        1: 1464:  state->coins = 0;
        -: 1465:
        -: 1466:  //add coins for each Treasure card in player's hand
        6: 1467:  for (i = 0; i < state->handCount[player]; i++)
        -: 1468:  {
        5: 1469:    if (state->hand[player][i] == copper)
        -: 1470:    {
        4: 1471:      state->coins += 1;
        -: 1472:    }
        1: 1473:    else if (state->hand[player][i] == silver)
        -: 1474:    {
    #####: 1475:      state->coins += 2;
        -: 1476:    }
        1: 1477:    else if (state->hand[player][i] == gold)
        -: 1478:    {
    #####: 1479:      state->coins += 3;
        -: 1480:    }
        -: 1481:  }
        -: 1482:
        -: 1483:  //add bonus
        1: 1484:  state->coins += bonus;
        -: 1485:
        1: 1486:  return 0;
        -: 1487:}
        -: 1488:
        -: 1489://end of dominion.c
